c:\users\c017916e\onedrive - staffordshire university\studio sim\robbie\shootemupengine\shootemupengine\x64\debug\vc141.pdb
c:\users\c017916e\onedrive - staffordshire university\studio sim\robbie\shootemupengine\shootemupengine\x64\debug\vc141.idb
c:\users\c017916e\onedrive - staffordshire university\studio sim\robbie\shootemupengine\shootemupengine\x64\debug\uitextbox.obj
c:\users\c017916e\onedrive - staffordshire university\studio sim\robbie\shootemupengine\shootemupengine\x64\debug\uimanager.obj
c:\users\c017916e\onedrive - staffordshire university\studio sim\robbie\shootemupengine\shootemupengine\x64\debug\uilabel.obj
c:\users\c017916e\onedrive - staffordshire university\studio sim\robbie\shootemupengine\shootemupengine\x64\debug\uiselectionbox.obj
c:\users\c017916e\onedrive - staffordshire university\studio sim\robbie\shootemupengine\shootemupengine\x64\debug\uiscrollbar.obj
c:\users\c017916e\onedrive - staffordshire university\studio sim\robbie\shootemupengine\shootemupengine\x64\debug\uidragdrop.obj
c:\users\c017916e\onedrive - staffordshire university\studio sim\robbie\shootemupengine\shootemupengine\x64\debug\uibutton.obj
c:\users\c017916e\onedrive - staffordshire university\studio sim\robbie\shootemupengine\shootemupengine\x64\debug\soundmanager.obj
c:\users\c017916e\onedrive - staffordshire university\studio sim\robbie\shootemupengine\shootemupengine\x64\debug\main.obj
c:\users\c017916e\onedrive - staffordshire university\studio sim\robbie\shootemupengine\shootemupengine\x64\debug\enginemanager.obj
c:\users\c017916e\onedrive - staffordshire university\studio sim\robbie\shootemupengine\shootemupengine\x64\debug\gameobject.obj
c:\users\c017916e\onedrive - staffordshire university\studio sim\robbie\shootemupengine\x64\debug\shootemupengine.exe
c:\users\c017916e\onedrive - staffordshire university\studio sim\robbie\shootemupengine\x64\debug\shootemupengine.ilk
c:\users\c017916e\onedrive - staffordshire university\studio sim\robbie\shootemupengine\x64\debug\shootemupengine.pdb
c:\users\c017916e\onedrive - staffordshire university\studio sim\robbie\shootemupengine\shootemupengine\x64\debug\enginemanager.obj.enc
c:\users\c017916e\onedrive - staffordshire university\studio sim\robbie\shootemupengine\shootemupengine\x64\debug\gameobject.obj.enc
c:\users\c017916e\onedrive - staffordshire university\studio sim\robbie\shootemupengine\shootemupengine\x64\debug\main.obj.enc
c:\users\c017916e\onedrive - staffordshire university\studio sim\robbie\shootemupengine\shootemupengine\x64\debug\uidragdrop.obj.enc
c:\users\c017916e\onedrive - staffordshire university\studio sim\robbie\shootemupengine\shootemupengine\x64\debug\uimanager.obj.enc
c:\users\c017916e\onedrive - staffordshire university\studio sim\robbie\shootemupengine\shootemupengine\x64\debug\uiscrollbar.obj.enc
c:\users\c017916e\onedrive - staffordshire university\studio sim\robbie\shootemupengine\shootemupengine\x64\debug\uiselectionbox.obj.enc
c:\users\c017916e\onedrive - staffordshire university\studio sim\robbie\shootemupengine\shootemupengine\x64\debug\uitextbox.obj.enc
c:\users\c017916e\onedrive - staffordshire university\studio sim\robbie\shootemupengine\shootemupengine\x64\debug\shootemupengine.tlog\cl.command.1.tlog
c:\users\c017916e\onedrive - staffordshire university\studio sim\robbie\shootemupengine\shootemupengine\x64\debug\shootemupengine.tlog\cl.read.1.tlog
c:\users\c017916e\onedrive - staffordshire university\studio sim\robbie\shootemupengine\shootemupengine\x64\debug\shootemupengine.tlog\cl.write.1.tlog
c:\users\c017916e\onedrive - staffordshire university\studio sim\robbie\shootemupengine\shootemupengine\x64\debug\shootemupengine.tlog\link.command.1.tlog
c:\users\c017916e\onedrive - staffordshire university\studio sim\robbie\shootemupengine\shootemupengine\x64\debug\shootemupengine.tlog\link.read.1.tlog
c:\users\c017916e\onedrive - staffordshire university\studio sim\robbie\shootemupengine\shootemupengine\x64\debug\shootemupengine.tlog\link.write.1.tlog
