e:\work\studiosim\robbieneilmerge\shootemupengine\shootemupengine\x64\debug\vc141.pdb
e:\work\studiosim\robbieneilmerge\shootemupengine\shootemupengine\x64\debug\vc141.idb
e:\work\studiosim\robbieneilmerge\shootemupengine\shootemupengine\x64\debug\subtractvelocitywindow.obj
e:\work\studiosim\robbieneilmerge\shootemupengine\shootemupengine\x64\debug\soundmanager.obj
e:\work\studiosim\robbieneilmerge\shootemupengine\shootemupengine\x64\debug\shootwindow.obj
e:\work\studiosim\robbieneilmerge\shootemupengine\shootemupengine\x64\debug\relativewindow.obj
e:\work\studiosim\robbieneilmerge\shootemupengine\shootemupengine\x64\debug\multiplyvelocitywindow.obj
e:\work\studiosim\robbieneilmerge\shootemupengine\shootemupengine\x64\debug\gameobject.obj
e:\work\studiosim\robbieneilmerge\shootemupengine\shootemupengine\x64\debug\goplayer.obj
e:\work\studiosim\robbieneilmerge\shootemupengine\shootemupengine\x64\debug\goenemy.obj
e:\work\studiosim\robbieneilmerge\shootemupengine\shootemupengine\x64\debug\gobackground.obj
e:\work\studiosim\robbieneilmerge\shootemupengine\shootemupengine\x64\debug\filedialog.obj
e:\work\studiosim\robbieneilmerge\shootemupengine\shootemupengine\x64\debug\eventselectionwindow.obj
e:\work\studiosim\robbieneilmerge\shootemupengine\shootemupengine\x64\debug\eventmanager.obj
e:\work\studiosim\robbieneilmerge\shootemupengine\shootemupengine\x64\debug\enginemanager.obj
e:\work\studiosim\robbieneilmerge\shootemupengine\shootemupengine\x64\debug\dosoundeffectwindow.obj
e:\work\studiosim\robbieneilmerge\shootemupengine\shootemupengine\x64\debug\doanimationwindow.obj
e:\work\studiosim\robbieneilmerge\shootemupengine\shootemupengine\x64\debug\component.obj
e:\work\studiosim\robbieneilmerge\shootemupengine\shootemupengine\x64\debug\animator.obj
e:\work\studiosim\robbieneilmerge\shootemupengine\shootemupengine\x64\debug\addvelocitywindow.obj
e:\work\studiosim\robbieneilmerge\shootemupengine\shootemupengine\x64\debug\addscorewindow.obj
e:\work\studiosim\robbieneilmerge\shootemupengine\shootemupengine\x64\debug\actionselectionwindow.obj
e:\work\studiosim\robbieneilmerge\shootemupengine\shootemupengine\x64\debug\main.obj
e:\work\studiosim\robbieneilmerge\shootemupengine\shootemupengine\x64\debug\uivscrollbar.obj
e:\work\studiosim\robbieneilmerge\shootemupengine\shootemupengine\x64\debug\uitextbox.obj
e:\work\studiosim\robbieneilmerge\shootemupengine\shootemupengine\x64\debug\uiselectionbox.obj
e:\work\studiosim\robbieneilmerge\shootemupengine\shootemupengine\x64\debug\uiscrollbar.obj
e:\work\studiosim\robbieneilmerge\shootemupengine\shootemupengine\x64\debug\uimanager.obj
e:\work\studiosim\robbieneilmerge\shootemupengine\shootemupengine\x64\debug\uilabel.obj
e:\work\studiosim\robbieneilmerge\shootemupengine\shootemupengine\x64\debug\uidragdrop.obj
e:\work\studiosim\robbieneilmerge\shootemupengine\shootemupengine\x64\debug\uibutton.obj
e:\work\studiosim\robbieneilmerge\shootemupengine\x64\debug\shootemupengine.exe
e:\work\studiosim\robbieneilmerge\shootemupengine\x64\debug\shootemupengine.ilk
e:\work\studiosim\robbieneilmerge\shootemupengine\x64\debug\shootemupengine.pdb
e:\work\studiosim\robbieneilmerge\shootemupengine\shootemupengine\x64\debug\shootemupengine.tlog\cl.command.1.tlog
e:\work\studiosim\robbieneilmerge\shootemupengine\shootemupengine\x64\debug\shootemupengine.tlog\link.command.1.tlog
e:\work\studiosim\robbieneilmerge\shootemupengine\shootemupengine\x64\debug\shootemupengine.tlog\cl.read.1.tlog
e:\work\studiosim\robbieneilmerge\shootemupengine\shootemupengine\x64\debug\shootemupengine.tlog\link.read.1.tlog
e:\work\studiosim\robbieneilmerge\shootemupengine\shootemupengine\x64\debug\shootemupengine.tlog\cl.write.1.tlog
e:\work\studiosim\robbieneilmerge\shootemupengine\shootemupengine\x64\debug\shootemupengine.tlog\link.write.1.tlog
